Using pre-set license
Built from '2021.3/release' branch; Version is '2021.3.12f1 (8af3c3e441b1) revision 9106371'; Using compiler version '192829333'; Build Type 'Release'
OS: 'Windows 11  (10.0.22621) 64bit Core' Language: 'en' Physical Memory: 15792 MB
BatchMode: 1, IsHumanControllingUs: 0, StartBugReporterOnCrash: 0, Is64bit: 1, IsPro: 1

COMMAND LINE ARGUMENTS:
C:\Program Files\Unity\Hub\Editor\2021.3.12f1\Editor\Unity.exe
-adb2
-batchMode
-noUpm
-name
AssetImportWorker0
-projectPath
C:/UniversityOrebro/2020-Character-Randomisation-System/Character Randomisation System
-logFile
Logs/AssetImportWorker0.log
-srvPort
59132
Successfully changed project path to: C:/UniversityOrebro/2020-Character-Randomisation-System/Character Randomisation System
C:/UniversityOrebro/2020-Character-Randomisation-System/Character Randomisation System
[UnityMemory] Configuration Parameters - Can be set up in boot.config
    "memorysetup-bucket-allocator-granularity=16"
    "memorysetup-bucket-allocator-bucket-count=8"
    "memorysetup-bucket-allocator-block-size=33554432"
    "memorysetup-bucket-allocator-block-count=8"
    "memorysetup-main-allocator-block-size=16777216"
    "memorysetup-thread-allocator-block-size=16777216"
    "memorysetup-gfx-main-allocator-block-size=16777216"
    "memorysetup-gfx-thread-allocator-block-size=16777216"
    "memorysetup-cache-allocator-block-size=4194304"
    "memorysetup-typetree-allocator-block-size=2097152"
    "memorysetup-profiler-bucket-allocator-granularity=16"
    "memorysetup-profiler-bucket-allocator-bucket-count=8"
    "memorysetup-profiler-bucket-allocator-block-size=33554432"
    "memorysetup-profiler-bucket-allocator-block-count=8"
    "memorysetup-profiler-allocator-block-size=16777216"
    "memorysetup-profiler-editor-allocator-block-size=1048576"
    "memorysetup-temp-allocator-size-main=16777216"
    "memorysetup-job-temp-allocator-block-size=2097152"
    "memorysetup-job-temp-allocator-block-size-background=1048576"
    "memorysetup-job-temp-allocator-reduction-small-platforms=262144"
    "memorysetup-temp-allocator-size-background-worker=32768"
    "memorysetup-temp-allocator-size-job-worker=262144"
    "memorysetup-temp-allocator-size-preload-manager=33554432"
    "memorysetup-temp-allocator-size-nav-mesh-worker=65536"
    "memorysetup-temp-allocator-size-audio-worker=65536"
    "memorysetup-temp-allocator-size-cloud-worker=32768"
    "memorysetup-temp-allocator-size-gi-baking-worker=262144"
    "memorysetup-temp-allocator-size-gfx=262144"
Refreshing native plugins compatible for Editor in 34.81 ms, found 0 plugins.
Preloading 0 native plugins for Editor in 0.00 ms.
Initialize engine version: 2021.3.12f1 (8af3c3e441b1)
[Subsystems] Discovering subsystems at path C:/Program Files/Unity/Hub/Editor/2021.3.12f1/Editor/Data/Resources/UnitySubsystems
[Subsystems] Discovering subsystems at path C:/UniversityOrebro/2020-Character-Randomisation-System/Character Randomisation System/Assets
GfxDevice: creating device client; threaded=0; jobified=0
Direct3D:
    Version:  Direct3D 11.0 [level 11.1]
    Renderer: NVIDIA GeForce RTX 3050 Laptop GPU (ID=0x25a5)
    Vendor:   NVIDIA
    VRAM:     3977 MB
    Driver:   31.0.15.2756
Initialize mono
Mono path[0] = 'C:/Program Files/Unity/Hub/Editor/2021.3.12f1/Editor/Data/Managed'
Mono path[1] = 'C:/Program Files/Unity/Hub/Editor/2021.3.12f1/Editor/Data/MonoBleedingEdge/lib/mono/unityjit-win32'
Mono config path = 'C:/Program Files/Unity/Hub/Editor/2021.3.12f1/Editor/Data/MonoBleedingEdge/etc'
Using monoOptions --debugger-agent=transport=dt_socket,embedding=1,server=y,suspend=n,address=127.0.0.1:56788
Begin MonoManager ReloadAssembly
Registering precompiled unity dll's ...
Register platform support module: C:/Program Files/Unity/Hub/Editor/2021.3.12f1/Editor/Data/PlaybackEngines/WebGLSupport/UnityEditor.WebGL.Extensions.dll
Register platform support module: C:/Program Files/Unity/Hub/Editor/2021.3.12f1/Editor/Data/PlaybackEngines/WindowsStandaloneSupport/UnityEditor.WindowsStandalone.Extensions.dll
Registered in 0.005296 seconds.
Native extension for WindowsStandalone target not found
Native extension for WebGL target not found
Refreshing native plugins compatible for Editor in 35.28 ms, found 0 plugins.
Preloading 0 native plugins for Editor in 0.00 ms.
Mono: successfully reloaded assembly
- Completed reload, in  0.666 seconds
Domain Reload Profiling:
	ReloadAssembly (667ms)
		BeginReloadAssembly (70ms)
			ExecutionOrderSort (0ms)
			DisableScriptedObjects (0ms)
			BackupInstance (0ms)
			ReleaseScriptingObjects (0ms)
			CreateAndSetChildDomain (1ms)
		EndReloadAssembly (470ms)
			LoadAssemblies (68ms)
			RebuildTransferFunctionScriptingTraits (0ms)
			SetupTypeCache (106ms)
			ReleaseScriptCaches (0ms)
			RebuildScriptCaches (37ms)
			SetupLoadedEditorAssemblies (273ms)
				LogAssemblyErrors (0ms)
				InitializePlatformSupportModulesInManaged (11ms)
				SetLoadedEditorAssemblies (0ms)
				RefreshPlugins (35ms)
				BeforeProcessingInitializeOnLoad (2ms)
				ProcessInitializeOnLoadAttributes (167ms)
				ProcessInitializeOnLoadMethodAttributes (58ms)
				AfterProcessingInitializeOnLoad (0ms)
				EditorAssembliesLoaded (0ms)
			ExecutionOrderSort2 (0ms)
			AwakeInstancesAfterBackupRestoration (0ms)
Platform modules already initialized, skipping
Registering precompiled user dll's ...
Registered in 0.002048 seconds.
Begin MonoManager ReloadAssembly
Unable to load attribute info on field .TimelineProjectSettings::m_DefaultFrameRate. Are you missing a reference?
Can't find custom attr constructor image: C:\UniversityOrebro\2020-Character-Randomisation-System\Character Randomisation System\Library\ScriptAssemblies\Unity.Timeline.Editor.dll mtoken: 0x0a00002e due to: Could not resolve type with token 010000b7 from typeref (expected class 'UnityEngine.Timeline.TimelineHelpURLAttribute' in assembly 'Unity.Timeline, Version=1.0.0.0, Culture=neutral, PublicKeyToken=null') assembly:Unity.Timeline, Version=1.0.0.0, Culture=neutral, PublicKeyToken=null type:UnityEngine.Timeline.TimelineHelpURLAttribute member:(null)
TypeLoadException: Could not resolve type with token 010000b7 from typeref (expected class 'UnityEngine.Timeline.TimelineHelpURLAttribute' in assembly 'Unity.Timeline, Version=1.0.0.0, Culture=neutral, PublicKeyToken=null')
  at (wrapper managed-to-native) System.MonoCustomAttrs.GetCustomAttributesInternal(System.Reflection.ICustomAttributeProvider,System.Type,bool)
  at System.MonoCustomAttrs.GetCustomAttributesBase (System.Reflection.ICustomAttributeProvider obj, System.Type attributeType, System.Boolean inheritedOnly) [0x00013] in <c9d3ffd4b98649ee9989e1908eaca019>:0 
  at System.MonoCustomAttrs.GetCustomAttributes (System.Reflection.ICustomAttributeProvider obj, System.Type attributeType, System.Boolean inherit) [0x00037] in <c9d3ffd4b98649ee9989e1908eaca019>:0 
  at System.RuntimeType.GetCustomAttributes (System.Type attributeType, System.Boolean inherit) [0x00038] in <c9d3ffd4b98649ee9989e1908eaca019>:0 
  at UnityEngine.AttributeHelperEngine.GetExecuteMode (System.Type klass) [0x00001] in <1d3dacd00ce441dc8c61d528a2193088>:0 
  at UnityEngine.AttributeHelperEngine.CheckIsEditorScript (System.Type klass) [0x00004] in <1d3dacd00ce441dc8c61d528a2193088>:0 

Can't find custom attr constructor image: C:\UniversityOrebro\2020-Character-Randomisation-System\Character Randomisation System\Library\ScriptAssemblies\Unity.Timeline.Editor.dll mtoken: 0x0a00002e due to: Could not resolve type with token 010000b7 from typeref (expected class 'UnityEngine.Timeline.TimelineHelpURLAttribute' in assembly 'Unity.Timeline, Version=1.0.0.0, Culture=neutral, PublicKeyToken=null') assembly:Unity.Timeline, Version=1.0.0.0, Culture=neutral, PublicKeyToken=null type:UnityEngine.Timeline.TimelineHelpURLAttribute member:(null)
Can't find custom attr constructor image: C:\UniversityOrebro\2020-Character-Randomisation-System\Character Randomisation System\Library\ScriptAssemblies\Unity.Timeline.Editor.dll mtoken: 0x0a00002e due to: Could not resolve type with token 010000b7 from typeref (expected class 'UnityEngine.Timeline.TimelineHelpURLAttribute' in assembly 'Unity.Timeline, Version=1.0.0.0, Culture=neutral, PublicKeyToken=null') assembly:Unity.Timeline, Version=1.0.0.0, Culture=neutral, PublicKeyToken=null type:UnityEngine.Timeline.TimelineHelpURLAttribute member:(null)
Could not load signature of UnityEditor.Timeline.TimelineWindow:AddStandardFrameRateMenu due to: Could not resolve type with token 010000ba from typeref (expected class 'UnityEngine.Timeline.StandardFrameRates' in assembly 'Unity.Timeline, Version=1.0.0.0, Culture=neutral, PublicKeyToken=null') assembly:Unity.Timeline, Version=1.0.0.0, Culture=neutral, PublicKeyToken=null type:UnityEngine.Timeline.StandardFrameRates member:(null)
Unloading broken assembly Library/ScriptAssemblies/Unity.Timeline.Editor.dll, this assembly can cause crashes in the runtime
Native extension for WindowsStandalone target not found
Native extension for WebGL target not found
Refreshing native plugins compatible for Editor in 0.47 ms, found 0 plugins.
Preloading 0 native plugins for Editor in 0.00 ms.
Package Manager log level set to [2]
Mono: successfully reloaded assembly
- Completed reload, in  2.473 seconds
Domain Reload Profiling:
	ReloadAssembly (2474ms)
		BeginReloadAssembly (122ms)
			ExecutionOrderSort (0ms)
			DisableScriptedObjects (7ms)
			BackupInstance (0ms)
			ReleaseScriptingObjects (0ms)
			CreateAndSetChildDomain (21ms)
		EndReloadAssembly (2227ms)
			LoadAssemblies (1681ms)
			RebuildTransferFunctionScriptingTraits (0ms)
			SetupTypeCache (133ms)
			ReleaseScriptCaches (1ms)
			RebuildScriptCaches (58ms)
			SetupLoadedEditorAssemblies (305ms)
				LogAssemblyErrors (0ms)
				InitializePlatformSupportModulesInManaged (9ms)
				SetLoadedEditorAssemblies (1ms)
				RefreshPlugins (1ms)
				BeforeProcessingInitializeOnLoad (61ms)
				ProcessInitializeOnLoadAttributes (196ms)
				ProcessInitializeOnLoadMethodAttributes (32ms)
				AfterProcessingInitializeOnLoad (7ms)
				EditorAssembliesLoaded (0ms)
			ExecutionOrderSort2 (0ms)
			AwakeInstancesAfterBackupRestoration (8ms)
Platform modules already initialized, skipping
========================================================================
Worker process is ready to serve import requests
Launched and connected shader compiler UnityShaderCompiler.exe after 0.05 seconds
Refreshing native plugins compatible for Editor in 0.36 ms, found 0 plugins.
Preloading 0 native plugins for Editor in 0.00 ms.
Unloading 1427 Unused Serialized files (Serialized files now loaded: 0)
Unloading 33 unused Assets / (56.6 KB). Loaded Objects now: 1888.
Memory consumption went from 66.7 MB to 66.6 MB.
Total: 2.691100 ms (FindLiveObjects: 0.156900 ms CreateObjectMapping: 0.040200 ms MarkObjects: 2.393300 ms  DeleteObjects: 0.099500 ms)

AssetImportParameters requested are different than current active one (requested -> active):
  custom:video-decoder-ogg-theora: a1e56fd34408186e4bbccfd4996cb3dc -> 
  custom:container-muxer-webm: aa71ff27fc2769a1b78a27578f13a17b -> 
  custom:container-demuxer-webm: 4f35f7cbe854078d1ac9338744f61a02 -> 
  custom:video-encoder-webm-vp8: eb34c28f22e8b96e1ab97ce403110664 -> 
  custom:audio-encoder-webm-vorbis: bf7c407c2cedff20999df2af8eb42d56 -> 
  custom:framework-win-MediaFoundation: 216162199b28c13a410421893ffa2e32 -> 
  custom:container-demuxer-ogg: 62fdf1f143b41e24485cea50d1cbac27 -> 
  custom:video-decoder-webm-vp8: 9c59270c3fd7afecdb556c50c9e8de78 -> 
  custom:audio-decoder-ogg-vorbis: bf7c407c2cedff20999df2af8eb42d56 -> 
  custom:postprocessor/texture2D: 1909f56bfc062723c751e8b465ee728b -> 782e70c0b41050eef710b10a01056048
========================================================================
Received Import Request.
  Time since last request: 18260.216546 seconds.
  path: Assets/_mber.psd
  artifactKey: Guid(f6ef04627b8d85e468d65a95185c83a9) Importer(815301076,1909f56bfc062723c751e8b465ee728b)
Start importing Assets/_mber.psd using Guid(f6ef04627b8d85e468d65a95185c83a9) Importer(815301076,1909f56bfc062723c751e8b465ee728b)  -> (artifact id: '129b82581821acf3b9e90a4187a3b32f') in 0.078440 seconds 
========================================================================
Received Import Request.
  Time since last request: 0.000021 seconds.
  path: Assets/_iangling.psd
  artifactKey: Guid(b08df23e815151e4ebdba25019ce2c95) Importer(815301076,1909f56bfc062723c751e8b465ee728b)
Start importing Assets/_iangling.psd using Guid(b08df23e815151e4ebdba25019ce2c95) Importer(815301076,1909f56bfc062723c751e8b465ee728b)  -> (artifact id: 'c396d4166a88d14ecb7f7c70d9b782a7') in 0.062479 seconds 
========================================================================
Received Import Request.
  Time since last request: 1.536985 seconds.
  path: Assets/Added Amber.unity
  artifactKey: Guid(359d3972cc9d9234883896870872e3cd) Importer(815301076,1909f56bfc062723c751e8b465ee728b)
Start importing Assets/Added Amber.unity using Guid(359d3972cc9d9234883896870872e3cd) Importer(815301076,1909f56bfc062723c751e8b465ee728b)  -> (artifact id: '9aa9d580736a14c8cb27e02d7158acda') in 0.006972 seconds 
